SF:lib\core\api_bloc.dart
DA:12,0
DA:14,0
DA:22,0
DA:23,0
DA:24,0
DA:25,0
DA:26,0
DA:27,0
DA:31,0
DA:32,0
DA:33,0
DA:37,0
DA:40,0
DA:48,0
DA:49,0
DA:50,0
DA:51,0
DA:52,0
DA:53,0
DA:58,0
DA:59,0
DA:60,0
DA:63,0
DA:66,0
DA:67,0
LF:25
LH:0
end_of_record
SF:lib\core\http_client\get.state.dart
DA:4,1
DA:13,1
DA:17,1
LF:3
LH:3
end_of_record
SF:lib\core\http_client\http_client.state.dart
DA:9,3
DA:13,1
DA:14,0
DA:15,0
DA:20,1
DA:28,0
DA:35,0
DA:36,0
DA:37,0
DA:38,0
DA:39,0
DA:40,0
DA:43,0
DA:44,0
DA:45,0
DA:46,0
DA:47,0
DA:48,0
DA:49,0
DA:52,0
DA:53,0
DA:54,0
DA:56,4
DA:61,1
DA:63,0
DA:64,0
DA:65,0
DA:68,0
DA:69,0
DA:77,1
DA:85,0
DA:90,0
DA:91,0
DA:92,0
DA:93,0
DA:96,0
DA:97,0
DA:98,0
DA:99,0
DA:100,0
DA:101,0
DA:102,0
LF:42
LH:6
end_of_record
SF:lib\features\catalog_items\catalog\catalog_page.apibloc.dart
DA:5,0
DA:8,0
DA:12,0
DA:13,0
DA:16,0
DA:20,0
LF:6
LH:0
end_of_record
SF:lib\features\catalog_items\catalog\catalog_page.state.dart
DA:14,3
DA:24,1
DA:32,1
DA:33,1
DA:34,1
DA:35,1
DA:37,1
DA:38,1
DA:39,1
DA:40,1
DA:43,1
DA:44,1
DA:45,1
DA:46,1
DA:47,1
DA:48,1
DA:49,1
DA:50,1
DA:53,0
DA:54,0
DA:55,0
DA:56,0
DA:57,0
DA:59,0
DA:60,0
DA:63,2
DA:64,5
DA:65,5
DA:68,1
DA:69,2
LF:30
LH:23
end_of_record
SF:lib\features\catalog_items\catalog\catalog_page.uiapibloc.dart
DA:18,1
DA:22,1
DA:24,0
DA:26,1
DA:27,1
DA:28,1
DA:33,1
DA:34,4
DA:37,0
DA:38,0
DA:39,0
DA:40,0
DA:43,0
DA:44,0
DA:45,0
DA:48,1
DA:49,3
DA:50,2
DA:51,7
DA:52,1
DA:53,4
DA:54,1
DA:55,3
DA:56,1
DA:57,0
DA:59,3
DA:60,3
DA:61,1
DA:62,2
DA:63,0
DA:65,5
DA:66,1
DA:67,4
DA:68,3
DA:69,1
DA:71,3
DA:72,3
DA:74,0
DA:79,1
DA:80,1
DA:81,5
DA:82,1
DA:83,4
DA:84,1
DA:85,3
DA:86,1
DA:87,0
DA:89,1
DA:90,3
DA:91,2
DA:92,0
DA:94,5
DA:95,3
DA:97,0
DA:103,0
DA:104,0
DA:106,1
DA:107,1
DA:109,1
DA:111,2
DA:112,2
DA:113,1
LF:62
LH:46
end_of_record
SF:lib\core\access_tokens.dart
DA:6,0
DA:8,0
DA:9,0
DA:10,0
DA:13,0
DA:14,0
DA:15,0
DA:18,0
DA:19,0
LF:9
LH:0
end_of_record
SF:lib\core\global_keys.dart
DA:3,0
DA:5,0
LF:2
LH:0
end_of_record
SF:lib\core\http_client\http_client.bloc.dart
DA:20,0
DA:21,0
DA:23,0
DA:24,0
DA:27,0
DA:28,0
DA:29,0
DA:30,0
DA:31,0
DA:32,0
DA:33,0
DA:34,0
DA:36,0
DA:37,0
DA:40,0
DA:43,0
DA:46,0
DA:49,0
DA:50,0
DA:51,0
DA:52,0
DA:53,0
DA:54,0
DA:56,0
DA:59,0
DA:62,0
DA:63,0
DA:65,0
DA:66,0
DA:67,0
DA:68,0
DA:69,0
DA:70,0
DA:73,0
DA:76,0
DA:77,0
DA:78,0
DA:79,0
DA:80,0
DA:81,0
DA:83,0
DA:86,0
DA:90,0
DA:91,0
DA:93,0
DA:95,0
DA:96,0
DA:98,0
DA:100,0
DA:102,0
DA:103,0
DA:104,0
DA:105,0
DA:106,0
DA:107,0
DA:108,0
DA:109,0
DA:110,0
DA:116,0
DA:118,0
DA:119,0
DA:125,0
DA:128,0
DA:129,0
LF:64
LH:0
end_of_record
SF:lib\core\http_client\http_client.event.dart
DA:11,0
DA:24,0
LF:2
LH:0
end_of_record
SF:lib\core\user_manager\user.cubit.dart
DA:10,0
DA:14,0
DA:15,0
DA:21,0
DA:22,0
DA:23,0
DA:24,0
DA:25,0
DA:29,0
DA:30,0
DA:31,0
DA:35,0
DA:36,0
DA:38,0
DA:39,0
LF:15
LH:0
end_of_record
SF:lib\core\exceptions\empty_response_body.exception.dart
DA:4,0
DA:7,0
DA:8,0
LF:3
LH:0
end_of_record
SF:lib\core\http_client\post.state.dart
DA:4,0
DA:13,0
DA:17,0
LF:3
LH:0
end_of_record
SF:lib\core\storages\hydrated_storage.dart
DA:9,0
DA:10,0
DA:11,0
DA:12,0
DA:13,0
DA:17,0
LF:6
LH:0
end_of_record
SF:lib\core\storages\secure_storage\secure_storage.cubit.dart
DA:12,0
DA:13,0
DA:23,0
DA:24,0
DA:27,0
DA:28,0
DA:29,0
DA:32,0
DA:33,0
DA:35,0
DA:36,0
DA:39,0
DA:40,0
DA:41,0
DA:43,0
DA:47,0
DA:48,0
DA:49,0
DA:50,0
DA:51,0
LF:20
LH:0
end_of_record
SF:lib\core\storages\secure_storage\secure_storage.state.dart
DA:8,1
DA:9,0
DA:10,0
DA:12,0
DA:13,0
DA:14,0
DA:15,0
LF:7
LH:1
end_of_record
SF:lib\core\toast.dart
DA:8,0
DA:10,0
DA:11,0
DA:12,0
DA:13,0
DA:14,0
DA:18,0
DA:21,0
DA:23,0
DA:24,0
DA:25,0
DA:26,0
DA:27,0
DA:31,0
DA:34,0
DA:35,0
DA:38,0
DA:39,0
DA:40,0
DA:44,0
DA:46,0
DA:48,0
DA:49,0
DA:51,0
DA:56,0
DA:58,0
DA:61,0
DA:70,0
DA:71,0
DA:72,0
DA:76,0
DA:78,0
DA:80,0
DA:81,0
DA:83,0
DA:88,0
DA:90,0
DA:93,0
LF:38
LH:0
end_of_record
SF:lib\core\ui_api_bloc.dart
DA:6,1
DA:8,0
DA:11,0
DA:17,1
LF:4
LH:2
end_of_record
SF:lib\core\user_manager\user.state.dart
DA:8,2
DA:10,0
DA:11,0
DA:13,0
DA:14,0
DA:16,0
DA:19,0
DA:21,0
DA:24,0
DA:25,0
DA:26,0
DA:27,0
DA:30,0
DA:31,0
DA:33,0
LF:15
LH:1
end_of_record
SF:lib\features\catalog_items\catalog\category.dart
DA:10,1
DA:17,0
DA:18,0
DA:20,1
DA:22,2
DA:23,1
DA:25,1
DA:26,1
DA:27,1
DA:29,0
DA:30,0
DA:31,0
DA:32,0
DA:33,0
DA:34,0
DA:36,0
DA:37,0
DA:38,0
DA:41,1
DA:42,1
DA:43,1
DA:45,1
DA:49,2
DA:50,2
DA:51,2
DA:52,2
DA:53,8
DA:54,1
DA:57,0
DA:61,0
DA:62,0
DA:63,0
DA:64,0
DA:65,0
LF:34
LH:17
end_of_record
SF:lib\features\catalog_items\catalog\item.dart
DA:8,0
DA:9,0
DA:10,0
DA:11,0
DA:12,0
DA:13,0
DA:14,0
DA:16,1
DA:31,0
DA:32,0
DA:33,0
DA:34,0
DA:35,0
DA:36,0
DA:37,0
DA:38,0
DA:39,0
DA:40,0
DA:41,0
DA:42,0
DA:43,0
DA:44,0
DA:47,2
DA:48,1
DA:49,1
DA:50,1
DA:51,1
DA:52,1
DA:53,3
DA:54,1
DA:55,3
DA:56,3
DA:57,3
DA:58,3
DA:59,1
DA:62,2
DA:63,2
DA:64,2
DA:65,2
DA:66,2
DA:67,2
DA:68,2
DA:69,2
DA:70,2
DA:71,2
DA:72,2
DA:73,2
DA:74,2
DA:77,0
DA:89,0
DA:90,0
DA:91,0
DA:92,0
DA:93,0
DA:94,0
DA:95,0
DA:96,0
DA:97,0
DA:98,0
DA:99,0
DA:100,0
DA:101,0
LF:62
LH:27
end_of_record
